[2026-01-10T22:01:58.604+0000] {manager.py:469} INFO - Processing files using up to 2 processes at a time 
[2026-01-10T22:01:58.608+0000] {manager.py:470} INFO - Process each file at most once every 30 seconds
[2026-01-10T22:01:58.610+0000] {manager.py:471} INFO - Checking for new files in /opt/airflow/dags every 300 seconds
[2026-01-10T22:01:58.612+0000] {manager.py:738} INFO - Searching for files in /opt/airflow/dags
[2026-01-10T22:01:58.626+0000] {manager.py:741} INFO - There are 0 files in /opt/airflow/dags
[2026-01-10T22:06:59.168+0000] {manager.py:738} INFO - Searching for files in /opt/airflow/dags
[2026-01-10T22:06:59.175+0000] {manager.py:741} INFO - There are 0 files in /opt/airflow/dags
[2026-01-10T22:11:59.543+0000] {manager.py:738} INFO - Searching for files in /opt/airflow/dags
[2026-01-10T22:11:59.549+0000] {manager.py:741} INFO - There are 0 files in /opt/airflow/dags
[2026-01-10T22:16:59.967+0000] {manager.py:738} INFO - Searching for files in /opt/airflow/dags
[2026-01-10T22:16:59.974+0000] {manager.py:741} INFO - There are 0 files in /opt/airflow/dags
[2026-01-10T22:22:00.802+0000] {manager.py:738} INFO - Searching for files in /opt/airflow/dags
[2026-01-10T22:22:00.810+0000] {manager.py:741} INFO - There are 0 files in /opt/airflow/dags
[2026-01-10T22:27:01.722+0000] {manager.py:738} INFO - Searching for files in /opt/airflow/dags
[2026-01-10T22:27:01.735+0000] {manager.py:741} INFO - There are 0 files in /opt/airflow/dags
[2026-01-10T22:32:02.575+0000] {manager.py:738} INFO - Searching for files in /opt/airflow/dags
[2026-01-10T22:32:02.590+0000] {manager.py:741} INFO - There are 0 files in /opt/airflow/dags
[2026-01-10T22:37:03.297+0000] {manager.py:738} INFO - Searching for files in /opt/airflow/dags
[2026-01-10T22:37:03.304+0000] {manager.py:741} INFO - There are 0 files in /opt/airflow/dags
[2026-01-10T22:42:03.636+0000] {manager.py:738} INFO - Searching for files in /opt/airflow/dags
[2026-01-10T22:42:03.645+0000] {manager.py:741} INFO - There are 0 files in /opt/airflow/dags
[2026-01-10T22:47:04.021+0000] {manager.py:738} INFO - Searching for files in /opt/airflow/dags
[2026-01-10T22:47:04.027+0000] {manager.py:741} INFO - There are 0 files in /opt/airflow/dags
[2026-01-10T22:52:04.389+0000] {manager.py:738} INFO - Searching for files in /opt/airflow/dags
[2026-01-10T22:52:04.395+0000] {manager.py:741} INFO - There are 0 files in /opt/airflow/dags
[2026-01-10T22:57:04.739+0000] {manager.py:738} INFO - Searching for files in /opt/airflow/dags
[2026-01-10T22:57:04.746+0000] {manager.py:741} INFO - There are 0 files in /opt/airflow/dags
[2026-01-10T23:02:05.156+0000] {manager.py:738} INFO - Searching for files in /opt/airflow/dags
[2026-01-10T23:02:05.163+0000] {manager.py:741} INFO - There are 0 files in /opt/airflow/dags
[2026-01-10T23:07:05.542+0000] {manager.py:738} INFO - Searching for files in /opt/airflow/dags
[2026-01-10T23:07:05.546+0000] {manager.py:741} INFO - There are 0 files in /opt/airflow/dags
[2026-01-10T23:12:05.900+0000] {manager.py:738} INFO - Searching for files in /opt/airflow/dags
[2026-01-10T23:12:05.905+0000] {manager.py:741} INFO - There are 0 files in /opt/airflow/dags
[2026-01-10T23:17:06.251+0000] {manager.py:738} INFO - Searching for files in /opt/airflow/dags
[2026-01-10T23:17:06.258+0000] {manager.py:741} INFO - There are 0 files in /opt/airflow/dags
[2026-01-10T23:22:06.633+0000] {manager.py:738} INFO - Searching for files in /opt/airflow/dags
[2026-01-10T23:22:06.641+0000] {manager.py:741} INFO - There are 0 files in /opt/airflow/dags
[2026-01-10T23:27:06.978+0000] {manager.py:738} INFO - Searching for files in /opt/airflow/dags
[2026-01-10T23:27:06.985+0000] {manager.py:741} INFO - There are 0 files in /opt/airflow/dags
[2026-01-10T23:32:07.391+0000] {manager.py:738} INFO - Searching for files in /opt/airflow/dags
[2026-01-10T23:32:07.398+0000] {manager.py:741} INFO - There are 0 files in /opt/airflow/dags
[2026-01-10T23:37:07.777+0000] {manager.py:738} INFO - Searching for files in /opt/airflow/dags
[2026-01-10T23:37:07.784+0000] {manager.py:741} INFO - There are 0 files in /opt/airflow/dags
[2026-01-10T23:42:08.166+0000] {manager.py:738} INFO - Searching for files in /opt/airflow/dags
[2026-01-10T23:42:08.171+0000] {manager.py:741} INFO - There are 0 files in /opt/airflow/dags
[2026-01-10T23:47:08.513+0000] {manager.py:738} INFO - Searching for files in /opt/airflow/dags
[2026-01-10T23:47:08.519+0000] {manager.py:741} INFO - There are 0 files in /opt/airflow/dags
[2026-01-10T23:52:08.893+0000] {manager.py:738} INFO - Searching for files in /opt/airflow/dags
[2026-01-10T23:52:08.898+0000] {manager.py:741} INFO - There are 0 files in /opt/airflow/dags
[2026-01-10T23:57:09.261+0000] {manager.py:738} INFO - Searching for files in /opt/airflow/dags
[2026-01-10T23:57:09.268+0000] {manager.py:741} INFO - There are 0 files in /opt/airflow/dags
[2026-01-11T00:02:09.655+0000] {manager.py:738} INFO - Searching for files in /opt/airflow/dags
[2026-01-11T00:02:09.662+0000] {manager.py:741} INFO - There are 0 files in /opt/airflow/dags
[2026-01-11T00:07:10.006+0000] {manager.py:738} INFO - Searching for files in /opt/airflow/dags
[2026-01-11T00:07:10.017+0000] {manager.py:741} INFO - There are 0 files in /opt/airflow/dags
[2026-01-11T00:12:10.369+0000] {manager.py:738} INFO - Searching for files in /opt/airflow/dags
[2026-01-11T00:12:10.376+0000] {manager.py:741} INFO - There are 0 files in /opt/airflow/dags
[2026-01-11T00:17:10.730+0000] {manager.py:738} INFO - Searching for files in /opt/airflow/dags
[2026-01-11T00:17:10.737+0000] {manager.py:741} INFO - There are 0 files in /opt/airflow/dags
[2026-01-11T00:22:11.125+0000] {manager.py:738} INFO - Searching for files in /opt/airflow/dags
[2026-01-11T00:22:11.133+0000] {manager.py:741} INFO - There are 0 files in /opt/airflow/dags
[2026-01-11T00:27:11.484+0000] {manager.py:738} INFO - Searching for files in /opt/airflow/dags
[2026-01-11T00:27:11.490+0000] {manager.py:741} INFO - There are 0 files in /opt/airflow/dags
[2026-01-11T00:32:11.875+0000] {manager.py:738} INFO - Searching for files in /opt/airflow/dags
[2026-01-11T00:32:11.882+0000] {manager.py:741} INFO - There are 0 files in /opt/airflow/dags
[2026-01-11T00:37:12.295+0000] {manager.py:738} INFO - Searching for files in /opt/airflow/dags
[2026-01-11T00:37:12.301+0000] {manager.py:741} INFO - There are 0 files in /opt/airflow/dags
[2026-01-11T00:42:12.670+0000] {manager.py:738} INFO - Searching for files in /opt/airflow/dags
[2026-01-11T00:42:12.677+0000] {manager.py:741} INFO - There are 0 files in /opt/airflow/dags
